<?xml version="1.0" encoding="UTF-8"?>
<coverage generated="1636488687817" clover="3.2.0">
  <project timestamp="1636488687818" name="All files">
    <metrics statements="257" coveredstatements="246" conditionals="93" coveredconditionals="74" methods="57" coveredmethods="56" elements="407" coveredelements="376" complexity="0" loc="257" ncloc="257" packages="2" files="10" classes="10"/>
    <package name="lib">
      <metrics statements="217" coveredstatements="209" conditionals="75" coveredconditionals="64" methods="50" coveredmethods="49"/>
      <file name="smartBack.js" path="/home/mrj/WORK/1_PROJECTS/smart-back/smart-back/src/lib/smartBack.js">
        <metrics statements="2" coveredstatements="2" conditionals="0" coveredconditionals="0" methods="1" coveredmethods="1"/>
        <line num="11" count="7" type="stmt"/>
        <line num="23" count="65" type="stmt"/>
      </file>
      <file name="smartBackArrow.js" path="/home/mrj/WORK/1_PROJECTS/smart-back/smart-back/src/lib/smartBackArrow.js">
        <metrics statements="35" coveredstatements="35" conditionals="7" coveredconditionals="5" methods="15" coveredmethods="15"/>
        <line num="3" count="65" type="stmt"/>
        <line num="4" count="65" type="stmt"/>
        <line num="8" count="2" type="stmt"/>
        <line num="10" count="2" type="stmt"/>
        <line num="11" count="2" type="stmt"/>
        <line num="14" count="2" type="stmt"/>
        <line num="15" count="2" type="stmt"/>
        <line num="16" count="2" type="stmt"/>
        <line num="17" count="2" type="stmt"/>
        <line num="18" count="2" type="stmt"/>
        <line num="22" count="2" type="stmt"/>
        <line num="24" count="2" type="stmt"/>
        <line num="25" count="2" type="stmt"/>
        <line num="26" count="2" type="stmt"/>
        <line num="27" count="2" type="stmt"/>
        <line num="28" count="2" type="stmt"/>
        <line num="32" count="3" type="stmt"/>
        <line num="40" count="3" type="stmt"/>
        <line num="47" count="5" type="stmt"/>
        <line num="48" count="5" type="cond" truecount="2" falsecount="0"/>
        <line num="49" count="1" type="stmt"/>
        <line num="52" count="4" type="stmt"/>
        <line num="53" count="4" type="cond" truecount="2" falsecount="0"/>
        <line num="54" count="1" type="stmt"/>
        <line num="57" count="3" type="stmt"/>
        <line num="60" count="6" type="stmt"/>
        <line num="66" count="9" type="stmt"/>
        <line num="69" count="9" type="stmt"/>
        <line num="72" count="3" type="stmt"/>
        <line num="75" count="2" type="stmt"/>
        <line num="78" count="3" type="stmt"/>
        <line num="79" count="3" type="stmt"/>
        <line num="80" count="3" type="stmt"/>
        <line num="81" count="3" type="stmt"/>
        <line num="82" count="3" type="stmt"/>
      </file>
      <file name="smartBackListeners.js" path="/home/mrj/WORK/1_PROJECTS/smart-back/smart-back/src/lib/smartBackListeners.js">
        <metrics statements="25" coveredstatements="25" conditionals="8" coveredconditionals="8" methods="6" coveredmethods="6"/>
        <line num="3" count="65" type="stmt"/>
        <line num="7" count="2" type="stmt"/>
        <line num="8" count="2" type="cond" truecount="2" falsecount="0"/>
        <line num="9" count="1" type="stmt"/>
        <line num="12" count="1" type="stmt"/>
        <line num="13" count="1" type="stmt"/>
        <line num="15" count="1" type="stmt"/>
        <line num="16" count="1" type="stmt"/>
        <line num="18" count="1" type="stmt"/>
        <line num="21" count="3" type="cond" truecount="2" falsecount="0"/>
        <line num="22" count="1" type="stmt"/>
        <line num="23" count="1" type="stmt"/>
        <line num="26" count="2" type="cond" truecount="2" falsecount="0"/>
        <line num="27" count="1" type="stmt"/>
        <line num="30" count="1" type="stmt"/>
        <line num="31" count="1" type="stmt"/>
        <line num="32" count="1" type="stmt"/>
        <line num="34" count="1" type="stmt"/>
        <line num="35" count="1" type="stmt"/>
        <line num="38" count="2" type="cond" truecount="2" falsecount="0"/>
        <line num="39" count="1" type="stmt"/>
        <line num="41" count="2" type="stmt"/>
        <line num="44" count="1" type="stmt"/>
        <line num="47" count="1" type="stmt"/>
        <line num="48" count="1" type="stmt"/>
      </file>
      <file name="smartBackListenersHandling.js" path="/home/mrj/WORK/1_PROJECTS/smart-back/smart-back/src/lib/smartBackListenersHandling.js">
        <metrics statements="17" coveredstatements="17" conditionals="2" coveredconditionals="2" methods="7" coveredmethods="7"/>
        <line num="3" count="65" type="stmt"/>
        <line num="4" count="65" type="stmt"/>
        <line num="7" count="65" type="stmt"/>
        <line num="12" count="65" type="stmt"/>
        <line num="16" count="66" type="stmt"/>
        <line num="19" count="1" type="stmt"/>
        <line num="22" count="66" type="stmt"/>
        <line num="27" count="66" type="stmt"/>
        <line num="35" count="2" type="stmt"/>
        <line num="39" count="2" type="stmt"/>
        <line num="45" count="1" type="stmt"/>
        <line num="49" count="1" type="stmt"/>
        <line num="55" count="6" type="cond" truecount="2" falsecount="0"/>
        <line num="56" count="1" type="stmt"/>
        <line num="58" count="5" type="stmt"/>
        <line num="63" count="5" type="stmt"/>
        <line num="64" count="5" type="stmt"/>
      </file>
      <file name="smartBackMovement.js" path="/home/mrj/WORK/1_PROJECTS/smart-back/smart-back/src/lib/smartBackMovement.js">
        <metrics statements="78" coveredstatements="77" conditionals="46" coveredconditionals="42" methods="8" coveredmethods="8"/>
        <line num="3" count="65" type="stmt"/>
        <line num="4" count="65" type="stmt"/>
        <line num="5" count="65" type="stmt"/>
        <line num="6" count="65" type="stmt"/>
        <line num="10" count="65" type="stmt"/>
        <line num="11" count="65" type="stmt"/>
        <line num="12" count="65" type="stmt"/>
        <line num="13" count="65" type="stmt"/>
        <line num="14" count="65" type="stmt"/>
        <line num="15" count="65" type="stmt"/>
        <line num="16" count="65" type="stmt"/>
        <line num="17" count="65" type="stmt"/>
        <line num="18" count="65" type="stmt"/>
        <line num="19" count="65" type="stmt"/>
        <line num="20" count="65" type="stmt"/>
        <line num="24" count="6" type="stmt"/>
        <line num="26" count="6" type="cond" truecount="2" falsecount="0"/>
        <line num="27" count="4" type="stmt"/>
        <line num="28" count="2" type="cond" truecount="2" falsecount="0"/>
        <line num="29" count="1" type="stmt"/>
        <line num="30" count="1" type="cond" truecount="1" falsecount="1"/>
        <line num="31" count="1" type="stmt"/>
        <line num="34" count="6" type="cond" truecount="2" falsecount="0"/>
        <line num="35" count="4" type="stmt"/>
        <line num="36" count="2" type="cond" truecount="2" falsecount="0"/>
        <line num="37" count="1" type="stmt"/>
        <line num="38" count="1" type="cond" truecount="1" falsecount="1"/>
        <line num="39" count="1" type="stmt"/>
        <line num="42" count="6" type="stmt"/>
        <line num="43" count="6" type="stmt"/>
        <line num="47" count="6" type="stmt"/>
        <line num="49" count="6" type="cond" truecount="2" falsecount="0"/>
        <line num="50" count="2" type="cond" truecount="2" falsecount="0"/>
        <line num="51" count="1" type="stmt"/>
        <line num="57" count="2" type="cond" truecount="2" falsecount="0"/>
        <line num="58" count="1" type="stmt"/>
        <line num="64" count="6" type="cond" truecount="2" falsecount="0"/>
        <line num="65" count="2" type="cond" truecount="2" falsecount="0"/>
        <line num="66" count="1" type="stmt"/>
        <line num="72" count="2" type="cond" truecount="2" falsecount="0"/>
        <line num="73" count="1" type="stmt"/>
        <line num="79" count="6" type="cond" truecount="4" falsecount="0"/>
        <line num="80" count="1" type="stmt"/>
        <line num="84" count="5" type="cond" truecount="2" falsecount="0"/>
        <line num="85" count="1" type="stmt"/>
        <line num="86" count="4" type="cond" truecount="2" falsecount="0"/>
        <line num="87" count="1" type="stmt"/>
        <line num="89" count="5" type="stmt"/>
        <line num="91" count="5" type="cond" truecount="2" falsecount="0"/>
        <line num="92" count="1" type="stmt"/>
        <line num="94" count="4" type="stmt"/>
        <line num="102" count="3" type="stmt"/>
        <line num="103" count="3" type="stmt"/>
        <line num="105" count="3" type="cond" truecount="2" falsecount="0"/>
        <line num="106" count="1" type="stmt"/>
        <line num="109" count="2" type="cond" truecount="2" falsecount="0"/>
        <line num="110" count="1" type="stmt"/>
        <line num="111" count="1" type="stmt"/>
        <line num="112" count="1" type="stmt"/>
        <line num="115" count="1" type="stmt"/>
        <line num="117" count="1" type="cond" truecount="1" falsecount="1"/>
        <line num="118" count="0" type="stmt"/>
        <line num="120" count="1" type="stmt"/>
        <line num="123" count="3" type="cond" truecount="2" falsecount="0"/>
        <line num="124" count="1" type="stmt"/>
        <line num="127" count="2" type="cond" truecount="2" falsecount="0"/>
        <line num="128" count="1" type="stmt"/>
        <line num="129" count="1" type="stmt"/>
        <line num="132" count="1" type="stmt"/>
        <line num="134" count="1" type="cond" truecount="1" falsecount="1"/>
        <line num="135" count="1" type="stmt"/>
        <line num="136" count="1" type="stmt"/>
        <line num="141" count="1" type="stmt"/>
        <line num="144" count="2" type="stmt"/>
        <line num="145" count="2" type="stmt"/>
        <line num="146" count="2" type="stmt"/>
        <line num="147" count="2" type="stmt"/>
        <line num="148" count="2" type="stmt"/>
      </file>
      <file name="smartBackNodes.js" path="/home/mrj/WORK/1_PROJECTS/smart-back/smart-back/src/lib/smartBackNodes.js">
        <metrics statements="17" coveredstatements="14" conditionals="6" coveredconditionals="3" methods="4" coveredmethods="4"/>
        <line num="3" count="65" type="stmt"/>
        <line num="4" count="65" type="stmt"/>
        <line num="8" count="65" type="stmt"/>
        <line num="9" count="65" type="stmt"/>
        <line num="13" count="66" type="stmt"/>
        <line num="14" count="66" type="stmt"/>
        <line num="17" count="67" type="stmt"/>
        <line num="18" count="67" type="stmt"/>
        <line num="19" count="67" type="cond" truecount="1" falsecount="1"/>
        <line num="20" count="0" type="stmt"/>
        <line num="22" count="67" type="cond" truecount="1" falsecount="1"/>
        <line num="23" count="0" type="stmt"/>
        <line num="26" count="67" type="stmt"/>
        <line num="32" count="67" type="stmt"/>
        <line num="33" count="67" type="cond" truecount="1" falsecount="1"/>
        <line num="34" count="0" type="stmt"/>
        <line num="36" count="67" type="stmt"/>
      </file>
      <file name="smartBackOptions.js" path="/home/mrj/WORK/1_PROJECTS/smart-back/smart-back/src/lib/smartBackOptions.js">
        <metrics statements="4" coveredstatements="4" conditionals="2" coveredconditionals="2" methods="2" coveredmethods="2"/>
        <line num="3" count="65" type="stmt"/>
        <line num="7" count="325" type="cond" truecount="2" falsecount="0"/>
        <line num="8" count="5" type="stmt"/>
        <line num="10" count="320" type="stmt"/>
      </file>
      <file name="smartBackService.js" path="/home/mrj/WORK/1_PROJECTS/smart-back/smart-back/src/lib/smartBackService.js">
        <metrics statements="26" coveredstatements="23" conditionals="2" coveredconditionals="1" methods="3" coveredmethods="2"/>
        <line num="14" count="65" type="stmt"/>
        <line num="16" count="65" type="stmt"/>
        <line num="22" count="65" type="stmt"/>
        <line num="23" count="65" type="stmt"/>
        <line num="24" count="65" type="stmt"/>
        <line num="26" count="65" type="stmt"/>
        <line num="30" count="65" type="stmt"/>
        <line num="34" count="65" type="stmt"/>
        <line num="38" count="65" type="stmt"/>
        <line num="42" count="65" type="stmt"/>
        <line num="47" count="65" type="stmt"/>
        <line num="48" count="65" type="stmt"/>
        <line num="49" count="65" type="stmt"/>
        <line num="50" count="65" type="stmt"/>
        <line num="51" count="65" type="stmt"/>
        <line num="52" count="65" type="stmt"/>
        <line num="54" count="65" type="stmt"/>
        <line num="58" count="65" type="stmt"/>
        <line num="59" count="65" type="stmt"/>
        <line num="60" count="65" type="stmt"/>
        <line num="61" count="65" type="stmt"/>
        <line num="62" count="65" type="stmt"/>
        <line num="63" count="65" type="stmt"/>
        <line num="67" count="0" type="stmt"/>
        <line num="68" count="0" type="stmt"/>
        <line num="69" count="0" type="stmt"/>
      </file>
      <file name="smartBackUI.js" path="/home/mrj/WORK/1_PROJECTS/smart-back/smart-back/src/lib/smartBackUI.js">
        <metrics statements="13" coveredstatements="12" conditionals="2" coveredconditionals="1" methods="4" coveredmethods="4"/>
        <line num="3" count="65" type="stmt"/>
        <line num="4" count="65" type="stmt"/>
        <line num="5" count="65" type="stmt"/>
        <line num="9" count="65" type="stmt"/>
        <line num="10" count="65" type="stmt"/>
        <line num="11" count="65" type="stmt"/>
        <line num="12" count="65" type="stmt"/>
        <line num="13" count="65" type="stmt"/>
        <line num="19" count="65" type="stmt"/>
        <line num="38" count="1" type="cond" truecount="1" falsecount="1"/>
        <line num="39" count="0" type="stmt"/>
        <line num="41" count="1" type="stmt"/>
        <line num="42" count="1" type="stmt"/>
      </file>
    </package>
    <package name="tests.utils">
      <metrics statements="40" coveredstatements="37" conditionals="18" coveredconditionals="10" methods="7" coveredmethods="7"/>
      <file name="listenersTracker.js" path="/home/mrj/WORK/1_PROJECTS/smart-back/smart-back/src/tests/utils/listenersTracker.js">
        <metrics statements="40" coveredstatements="37" conditionals="18" coveredconditionals="10" methods="7" coveredmethods="7"/>
        <line num="2" count="9" type="stmt"/>
        <line num="4" count="9" type="stmt"/>
        <line num="5" count="9" type="stmt"/>
        <line num="6" count="9" type="stmt"/>
        <line num="7" count="9" type="cond" truecount="1" falsecount="1"/>
        <line num="9" count="9" type="stmt"/>
        <line num="11" count="9" type="stmt"/>
        <line num="14" count="9" type="stmt"/>
        <line num="15" count="182" type="cond" truecount="2" falsecount="0"/>
        <line num="17" count="18" type="stmt"/>
        <line num="25" count="18" type="stmt"/>
        <line num="26" count="18" type="stmt"/>
        <line num="28" count="182" type="stmt"/>
        <line num="30" count="9" type="stmt"/>
        <line num="32" count="9" type="stmt"/>
        <line num="37" count="9" type="stmt"/>
        <line num="42" count="141" type="stmt"/>
        <line num="44" count="141" type="stmt"/>
        <line num="46" count="141" type="cond" truecount="1" falsecount="1"/>
        <line num="48" count="141" type="cond" truecount="2" falsecount="0"/>
        <line num="49" count="141" type="stmt"/>
        <line num="51" count="9" type="stmt"/>
        <line num="56" count="35" type="stmt"/>
        <line num="58" count="35" type="stmt"/>
        <line num="60" count="35" type="cond" truecount="1" falsecount="1"/>
        <line num="61" count="35" type="cond" truecount="1" falsecount="1"/>
        <line num="62" count="35" type="stmt"/>
        <line num="63" count="35" type="cond" truecount="1" falsecount="1"/>
        <line num="65" count="9" type="stmt"/>
        <line num="66" count="6" type="stmt"/>
        <line num="68" count="6" type="stmt"/>
        <line num="69" count="6" type="stmt"/>
        <line num="74" count="12" type="cond" truecount="1" falsecount="1"/>
        <line num="76" count="0" type="cond" truecount="0" falsecount="2"/>
        <line num="77" count="0" type="stmt"/>
        <line num="78" count="0" type="stmt"/>
        <line num="87" count="12" type="stmt"/>
        <line num="88" count="12" type="stmt"/>
        <line num="89" count="7" type="stmt"/>
        <line num="98" count="6" type="stmt"/>
      </file>
    </package>
  </project>
</coverage>
