{"/home/mrj/WORK/1_PROJECTS/smart-back/smart-back/src/lib/smartBack.js": {"path":"/home/mrj/WORK/1_PROJECTS/smart-back/smart-back/src/lib/smartBack.js","statementMap":{"0":{"start":{"line":11,"column":16},"end":{"line":19,"column":1}},"1":{"start":{"line":23,"column":4},"end":{"line":23,"column":50}}},"fnMap":{"0":{"name":"(anonymous_0)","decl":{"start":{"line":22,"column":2},"end":{"line":22,"column":3}},"loc":{"start":{"line":22,"column":23},"end":{"line":24,"column":3}},"line":22}},"branchMap":{},"s":{"0":7,"1":65},"f":{"0":65},"b":{},"_coverageSchema":"43e27e138ebf9cfc5966b082cf9a028302ed4184","hash":"131472556a6331d13d29f4bc8c90270b46c5da0b"}
,"/home/mrj/WORK/1_PROJECTS/smart-back/smart-back/src/lib/smartBackArrow.js": {"path":"/home/mrj/WORK/1_PROJECTS/smart-back/smart-back/src/lib/smartBackArrow.js","statementMap":{"0":{"start":{"line":3,"column":4},"end":{"line":3,"column":29}},"1":{"start":{"line":4,"column":4},"end":{"line":4,"column":26}},"2":{"start":{"line":8,"column":4},"end":{"line":8,"column":49}},"3":{"start":{"line":10,"column":4},"end":{"line":10,"column":34}},"4":{"start":{"line":11,"column":4},"end":{"line":13,"column":6}},"5":{"start":{"line":14,"column":4},"end":{"line":14,"column":42}},"6":{"start":{"line":15,"column":4},"end":{"line":19,"column":42}},"7":{"start":{"line":16,"column":6},"end":{"line":16,"column":37}},"8":{"start":{"line":17,"column":6},"end":{"line":17,"column":52}},"9":{"start":{"line":18,"column":6},"end":{"line":18,"column":27}},"10":{"start":{"line":22,"column":4},"end":{"line":22,"column":49}},"11":{"start":{"line":24,"column":4},"end":{"line":24,"column":37}},"12":{"start":{"line":25,"column":4},"end":{"line":25,"column":23}},"13":{"start":{"line":26,"column":4},"end":{"line":29,"column":42}},"14":{"start":{"line":27,"column":6},"end":{"line":27,"column":52}},"15":{"start":{"line":28,"column":6},"end":{"line":28,"column":28}},"16":{"start":{"line":32,"column":4},"end":{"line":37,"column":7}},"17":{"start":{"line":40,"column":4},"end":{"line":44,"column":7}},"18":{"start":{"line":47,"column":20},"end":{"line":47,"column":47}},"19":{"start":{"line":48,"column":4},"end":{"line":50,"column":5}},"20":{"start":{"line":49,"column":6},"end":{"line":49,"column":60}},"21":{"start":{"line":52,"column":29},"end":{"line":52,"column":58}},"22":{"start":{"line":53,"column":4},"end":{"line":55,"column":5}},"23":{"start":{"line":54,"column":6},"end":{"line":54,"column":80}},"24":{"start":{"line":57,"column":4},"end":{"line":57,"column":65}},"25":{"start":{"line":60,"column":4},"end":{"line":63,"column":6}},"26":{"start":{"line":66,"column":4},"end":{"line":66,"column":39}},"27":{"start":{"line":69,"column":4},"end":{"line":69,"column":56}},"28":{"start":{"line":72,"column":4},"end":{"line":72,"column":54}},"29":{"start":{"line":75,"column":4},"end":{"line":75,"column":60}},"30":{"start":{"line":78,"column":4},"end":{"line":78,"column":55}},"31":{"start":{"line":79,"column":4},"end":{"line":79,"column":49}},"32":{"start":{"line":80,"column":4},"end":{"line":83,"column":42}},"33":{"start":{"line":81,"column":6},"end":{"line":81,"column":44}},"34":{"start":{"line":82,"column":6},"end":{"line":82,"column":37}}},"fnMap":{"0":{"name":"(anonymous_0)","decl":{"start":{"line":2,"column":2},"end":{"line":2,"column":3}},"loc":{"start":{"line":2,"column":24},"end":{"line":5,"column":3}},"line":2},"1":{"name":"(anonymous_1)","decl":{"start":{"line":7,"column":2},"end":{"line":7,"column":3}},"loc":{"start":{"line":7,"column":14},"end":{"line":20,"column":3}},"line":7},"2":{"name":"(anonymous_2)","decl":{"start":{"line":15,"column":15},"end":{"line":15,"column":16}},"loc":{"start":{"line":15,"column":21},"end":{"line":19,"column":5}},"line":15},"3":{"name":"(anonymous_3)","decl":{"start":{"line":21,"column":2},"end":{"line":21,"column":3}},"loc":{"start":{"line":21,"column":16},"end":{"line":30,"column":3}},"line":21},"4":{"name":"(anonymous_4)","decl":{"start":{"line":26,"column":15},"end":{"line":26,"column":16}},"loc":{"start":{"line":26,"column":21},"end":{"line":29,"column":5}},"line":26},"5":{"name":"(anonymous_5)","decl":{"start":{"line":31,"column":2},"end":{"line":31,"column":3}},"loc":{"start":{"line":31,"column":32},"end":{"line":38,"column":3}},"line":31},"6":{"name":"(anonymous_6)","decl":{"start":{"line":39,"column":2},"end":{"line":39,"column":3}},"loc":{"start":{"line":39,"column":47},"end":{"line":45,"column":3}},"line":39},"7":{"name":"(anonymous_7)","decl":{"start":{"line":46,"column":2},"end":{"line":46,"column":3}},"loc":{"start":{"line":46,"column":51},"end":{"line":58,"column":3}},"line":46},"8":{"name":"(anonymous_8)","decl":{"start":{"line":59,"column":2},"end":{"line":59,"column":3}},"loc":{"start":{"line":59,"column":19},"end":{"line":64,"column":3}},"line":59},"9":{"name":"(anonymous_9)","decl":{"start":{"line":65,"column":2},"end":{"line":65,"column":3}},"loc":{"start":{"line":65,"column":25},"end":{"line":67,"column":3}},"line":65},"10":{"name":"(anonymous_10)","decl":{"start":{"line":68,"column":2},"end":{"line":68,"column":3}},"loc":{"start":{"line":68,"column":32},"end":{"line":70,"column":3}},"line":68},"11":{"name":"(anonymous_11)","decl":{"start":{"line":71,"column":2},"end":{"line":71,"column":3}},"loc":{"start":{"line":71,"column":26},"end":{"line":73,"column":3}},"line":71},"12":{"name":"(anonymous_12)","decl":{"start":{"line":74,"column":2},"end":{"line":74,"column":3}},"loc":{"start":{"line":74,"column":28},"end":{"line":76,"column":3}},"line":74},"13":{"name":"(anonymous_13)","decl":{"start":{"line":77,"column":2},"end":{"line":77,"column":3}},"loc":{"start":{"line":77,"column":16},"end":{"line":84,"column":3}},"line":77},"14":{"name":"(anonymous_14)","decl":{"start":{"line":80,"column":15},"end":{"line":80,"column":16}},"loc":{"start":{"line":80,"column":21},"end":{"line":83,"column":5}},"line":80}},"branchMap":{"0":{"loc":{"start":{"line":34,"column":17},"end":{"line":36,"column":37}},"type":"cond-expr","locations":[{"start":{"line":35,"column":10},"end":{"line":35,"column":81}},{"start":{"line":36,"column":10},"end":{"line":36,"column":37}}],"line":34},"1":{"loc":{"start":{"line":46,"column":21},"end":{"line":46,"column":36}},"type":"default-arg","locations":[{"start":{"line":46,"column":34},"end":{"line":46,"column":36}}],"line":46},"2":{"loc":{"start":{"line":48,"column":4},"end":{"line":50,"column":5}},"type":"if","locations":[{"start":{"line":48,"column":4},"end":{"line":50,"column":5}},{"start":{"line":48,"column":4},"end":{"line":50,"column":5}}],"line":48},"3":{"loc":{"start":{"line":53,"column":4},"end":{"line":55,"column":5}},"type":"if","locations":[{"start":{"line":53,"column":4},"end":{"line":55,"column":5}},{"start":{"line":53,"column":4},"end":{"line":55,"column":5}}],"line":53}},"s":{"0":65,"1":65,"2":2,"3":2,"4":2,"5":2,"6":2,"7":2,"8":2,"9":2,"10":2,"11":2,"12":2,"13":2,"14":2,"15":2,"16":3,"17":3,"18":5,"19":5,"20":1,"21":4,"22":4,"23":1,"24":3,"25":6,"26":9,"27":9,"28":3,"29":2,"30":3,"31":3,"32":3,"33":3,"34":3},"f":{"0":65,"1":2,"2":2,"3":2,"4":2,"5":3,"6":3,"7":5,"8":6,"9":9,"10":9,"11":3,"12":2,"13":3,"14":3},"b":{"0":[3,0],"1":[0],"2":[1,4],"3":[1,3]},"_coverageSchema":"43e27e138ebf9cfc5966b082cf9a028302ed4184","hash":"58d3b131884f951843752a4fdb9cf9c205cd36cf"}
,"/home/mrj/WORK/1_PROJECTS/smart-back/smart-back/src/lib/smartBackListeners.js": {"path":"/home/mrj/WORK/1_PROJECTS/smart-back/smart-back/src/lib/smartBackListeners.js","statementMap":{"0":{"start":{"line":3,"column":4},"end":{"line":3,"column":29}},"1":{"start":{"line":7,"column":24},"end":{"line":7,"column":49}},"2":{"start":{"line":8,"column":4},"end":{"line":10,"column":5}},"3":{"start":{"line":9,"column":6},"end":{"line":9,"column":55}},"4":{"start":{"line":12,"column":4},"end":{"line":12,"column":67}},"5":{"start":{"line":13,"column":4},"end":{"line":13,"column":54}},"6":{"start":{"line":15,"column":4},"end":{"line":15,"column":67}},"7":{"start":{"line":16,"column":4},"end":{"line":16,"column":67}},"8":{"start":{"line":18,"column":4},"end":{"line":18,"column":79}},"9":{"start":{"line":21,"column":4},"end":{"line":24,"column":5}},"10":{"start":{"line":22,"column":6},"end":{"line":22,"column":67}},"11":{"start":{"line":23,"column":6},"end":{"line":23,"column":13}},"12":{"start":{"line":26,"column":4},"end":{"line":28,"column":5}},"13":{"start":{"line":27,"column":6},"end":{"line":27,"column":13}},"14":{"start":{"line":30,"column":4},"end":{"line":30,"column":51}},"15":{"start":{"line":31,"column":4},"end":{"line":31,"column":52}},"16":{"start":{"line":32,"column":4},"end":{"line":32,"column":79}},"17":{"start":{"line":34,"column":4},"end":{"line":34,"column":57}},"18":{"start":{"line":35,"column":4},"end":{"line":35,"column":52}},"19":{"start":{"line":38,"column":4},"end":{"line":40,"column":5}},"20":{"start":{"line":39,"column":6},"end":{"line":39,"column":31}},"21":{"start":{"line":41,"column":4},"end":{"line":41,"column":31}},"22":{"start":{"line":44,"column":4},"end":{"line":44,"column":31}},"23":{"start":{"line":47,"column":4},"end":{"line":47,"column":65}},"24":{"start":{"line":48,"column":4},"end":{"line":48,"column":39}}},"fnMap":{"0":{"name":"(anonymous_0)","decl":{"start":{"line":2,"column":2},"end":{"line":2,"column":3}},"loc":{"start":{"line":2,"column":24},"end":{"line":4,"column":3}},"line":2},"1":{"name":"(anonymous_1)","decl":{"start":{"line":6,"column":2},"end":{"line":6,"column":3}},"loc":{"start":{"line":6,"column":20},"end":{"line":19,"column":3}},"line":6},"2":{"name":"(anonymous_2)","decl":{"start":{"line":20,"column":2},"end":{"line":20,"column":3}},"loc":{"start":{"line":20,"column":19},"end":{"line":36,"column":3}},"line":20},"3":{"name":"(anonymous_3)","decl":{"start":{"line":37,"column":2},"end":{"line":37,"column":3}},"loc":{"start":{"line":37,"column":13},"end":{"line":42,"column":3}},"line":37},"4":{"name":"(anonymous_4)","decl":{"start":{"line":43,"column":2},"end":{"line":43,"column":3}},"loc":{"start":{"line":43,"column":16},"end":{"line":45,"column":3}},"line":43},"5":{"name":"(anonymous_5)","decl":{"start":{"line":46,"column":2},"end":{"line":46,"column":3}},"loc":{"start":{"line":46,"column":24},"end":{"line":49,"column":3}},"line":46}},"branchMap":{"0":{"loc":{"start":{"line":8,"column":4},"end":{"line":10,"column":5}},"type":"if","locations":[{"start":{"line":8,"column":4},"end":{"line":10,"column":5}},{"start":{"line":8,"column":4},"end":{"line":10,"column":5}}],"line":8},"1":{"loc":{"start":{"line":21,"column":4},"end":{"line":24,"column":5}},"type":"if","locations":[{"start":{"line":21,"column":4},"end":{"line":24,"column":5}},{"start":{"line":21,"column":4},"end":{"line":24,"column":5}}],"line":21},"2":{"loc":{"start":{"line":26,"column":4},"end":{"line":28,"column":5}},"type":"if","locations":[{"start":{"line":26,"column":4},"end":{"line":28,"column":5}},{"start":{"line":26,"column":4},"end":{"line":28,"column":5}}],"line":26},"3":{"loc":{"start":{"line":38,"column":4},"end":{"line":40,"column":5}},"type":"if","locations":[{"start":{"line":38,"column":4},"end":{"line":40,"column":5}},{"start":{"line":38,"column":4},"end":{"line":40,"column":5}}],"line":38}},"s":{"0":65,"1":2,"2":2,"3":1,"4":1,"5":1,"6":1,"7":1,"8":1,"9":3,"10":1,"11":1,"12":2,"13":1,"14":1,"15":1,"16":1,"17":1,"18":1,"19":2,"20":1,"21":2,"22":1,"23":1,"24":1},"f":{"0":65,"1":2,"2":3,"3":2,"4":1,"5":1},"b":{"0":[1,1],"1":[1,2],"2":[1,1],"3":[1,1]},"_coverageSchema":"43e27e138ebf9cfc5966b082cf9a028302ed4184","hash":"84ff3025ae9a4e93e11ec803202876e7288254d2"}
,"/home/mrj/WORK/1_PROJECTS/smart-back/smart-back/src/lib/smartBackListenersHandling.js": {"path":"/home/mrj/WORK/1_PROJECTS/smart-back/smart-back/src/lib/smartBackListenersHandling.js","statementMap":{"0":{"start":{"line":3,"column":4},"end":{"line":3,"column":29}},"1":{"start":{"line":4,"column":4},"end":{"line":6,"column":6}},"2":{"start":{"line":7,"column":4},"end":{"line":11,"column":6}},"3":{"start":{"line":12,"column":4},"end":{"line":12,"column":29}},"4":{"start":{"line":16,"column":4},"end":{"line":16,"column":46}},"5":{"start":{"line":19,"column":4},"end":{"line":19,"column":49}},"6":{"start":{"line":22,"column":4},"end":{"line":26,"column":6}},"7":{"start":{"line":27,"column":4},"end":{"line":31,"column":6}},"8":{"start":{"line":35,"column":4},"end":{"line":38,"column":6}},"9":{"start":{"line":39,"column":4},"end":{"line":42,"column":6}},"10":{"start":{"line":45,"column":4},"end":{"line":48,"column":6}},"11":{"start":{"line":49,"column":4},"end":{"line":52,"column":6}},"12":{"start":{"line":55,"column":4},"end":{"line":57,"column":5}},"13":{"start":{"line":56,"column":6},"end":{"line":56,"column":46}},"14":{"start":{"line":58,"column":4},"end":{"line":62,"column":6}},"15":{"start":{"line":63,"column":4},"end":{"line":63,"column":80}},"16":{"start":{"line":64,"column":4},"end":{"line":68,"column":6}}},"fnMap":{"0":{"name":"(anonymous_0)","decl":{"start":{"line":2,"column":2},"end":{"line":2,"column":3}},"loc":{"start":{"line":2,"column":24},"end":{"line":13,"column":3}},"line":2},"1":{"name":"(anonymous_1)","decl":{"start":{"line":15,"column":2},"end":{"line":15,"column":3}},"loc":{"start":{"line":15,"column":22},"end":{"line":17,"column":3}},"line":15},"2":{"name":"(anonymous_2)","decl":{"start":{"line":18,"column":2},"end":{"line":18,"column":3}},"loc":{"start":{"line":18,"column":20},"end":{"line":20,"column":3}},"line":18},"3":{"name":"(anonymous_3)","decl":{"start":{"line":21,"column":2},"end":{"line":21,"column":3}},"loc":{"start":{"line":21,"column":35},"end":{"line":32,"column":3}},"line":21},"4":{"name":"(anonymous_4)","decl":{"start":{"line":34,"column":2},"end":{"line":34,"column":3}},"loc":{"start":{"line":34,"column":32},"end":{"line":43,"column":3}},"line":34},"5":{"name":"(anonymous_5)","decl":{"start":{"line":44,"column":2},"end":{"line":44,"column":3}},"loc":{"start":{"line":44,"column":30},"end":{"line":53,"column":3}},"line":44},"6":{"name":"(anonymous_6)","decl":{"start":{"line":54,"column":2},"end":{"line":54,"column":3}},"loc":{"start":{"line":54,"column":47},"end":{"line":69,"column":3}},"line":54}},"branchMap":{"0":{"loc":{"start":{"line":55,"column":4},"end":{"line":57,"column":5}},"type":"if","locations":[{"start":{"line":55,"column":4},"end":{"line":57,"column":5}},{"start":{"line":55,"column":4},"end":{"line":57,"column":5}}],"line":55}},"s":{"0":65,"1":65,"2":65,"3":65,"4":66,"5":1,"6":66,"7":66,"8":2,"9":2,"10":1,"11":1,"12":6,"13":1,"14":5,"15":5,"16":5},"f":{"0":65,"1":66,"2":1,"3":66,"4":2,"5":1,"6":6},"b":{"0":[1,5]},"_coverageSchema":"43e27e138ebf9cfc5966b082cf9a028302ed4184","hash":"cb2a11cc72e776e9362b1526f186f8943fc85e7d"}
,"/home/mrj/WORK/1_PROJECTS/smart-back/smart-back/src/lib/smartBackMovement.js": {"path":"/home/mrj/WORK/1_PROJECTS/smart-back/smart-back/src/lib/smartBackMovement.js","statementMap":{"0":{"start":{"line":3,"column":4},"end":{"line":3,"column":29}},"1":{"start":{"line":4,"column":4},"end":{"line":4,"column":31}},"2":{"start":{"line":5,"column":4},"end":{"line":5,"column":26}},"3":{"start":{"line":6,"column":4},"end":{"line":9,"column":6}},"4":{"start":{"line":10,"column":4},"end":{"line":10,"column":25}},"5":{"start":{"line":11,"column":4},"end":{"line":11,"column":25}},"6":{"start":{"line":12,"column":4},"end":{"line":12,"column":24}},"7":{"start":{"line":13,"column":4},"end":{"line":13,"column":24}},"8":{"start":{"line":14,"column":4},"end":{"line":14,"column":31}},"9":{"start":{"line":15,"column":4},"end":{"line":15,"column":31}},"10":{"start":{"line":16,"column":4},"end":{"line":16,"column":33}},"11":{"start":{"line":17,"column":4},"end":{"line":17,"column":29}},"12":{"start":{"line":18,"column":4},"end":{"line":18,"column":32}},"13":{"start":{"line":19,"column":4},"end":{"line":19,"column":39}},"14":{"start":{"line":20,"column":4},"end":{"line":20,"column":39}},"15":{"start":{"line":24,"column":33},"end":{"line":24,"column":49}},"16":{"start":{"line":26,"column":4},"end":{"line":32,"column":5}},"17":{"start":{"line":27,"column":6},"end":{"line":27,"column":50}},"18":{"start":{"line":28,"column":11},"end":{"line":32,"column":5}},"19":{"start":{"line":29,"column":6},"end":{"line":29,"column":49}},"20":{"start":{"line":30,"column":11},"end":{"line":32,"column":5}},"21":{"start":{"line":31,"column":6},"end":{"line":31,"column":45}},"22":{"start":{"line":34,"column":4},"end":{"line":40,"column":5}},"23":{"start":{"line":35,"column":6},"end":{"line":35,"column":49}},"24":{"start":{"line":36,"column":11},"end":{"line":40,"column":5}},"25":{"start":{"line":37,"column":6},"end":{"line":37,"column":46}},"26":{"start":{"line":38,"column":11},"end":{"line":40,"column":5}},"27":{"start":{"line":39,"column":6},"end":{"line":39,"column":43}},"28":{"start":{"line":42,"column":4},"end":{"line":42,"column":31}},"29":{"start":{"line":43,"column":4},"end":{"line":43,"column":31}},"30":{"start":{"line":47,"column":4},"end":{"line":47,"column":29}},"31":{"start":{"line":49,"column":4},"end":{"line":62,"column":5}},"32":{"start":{"line":50,"column":6},"end":{"line":56,"column":7}},"33":{"start":{"line":51,"column":8},"end":{"line":55,"column":10}},"34":{"start":{"line":57,"column":6},"end":{"line":61,"column":7}},"35":{"start":{"line":58,"column":8},"end":{"line":60,"column":10}},"36":{"start":{"line":64,"column":4},"end":{"line":77,"column":5}},"37":{"start":{"line":65,"column":6},"end":{"line":71,"column":7}},"38":{"start":{"line":66,"column":8},"end":{"line":70,"column":10}},"39":{"start":{"line":72,"column":6},"end":{"line":76,"column":7}},"40":{"start":{"line":73,"column":8},"end":{"line":75,"column":10}},"41":{"start":{"line":79,"column":4},"end":{"line":81,"column":5}},"42":{"start":{"line":80,"column":6},"end":{"line":80,"column":35}},"43":{"start":{"line":84,"column":4},"end":{"line":88,"column":5}},"44":{"start":{"line":85,"column":6},"end":{"line":85,"column":46}},"45":{"start":{"line":86,"column":11},"end":{"line":88,"column":5}},"46":{"start":{"line":87,"column":6},"end":{"line":87,"column":46}},"47":{"start":{"line":89,"column":4},"end":{"line":89,"column":42}},"48":{"start":{"line":91,"column":4},"end":{"line":93,"column":5}},"49":{"start":{"line":92,"column":6},"end":{"line":92,"column":13}},"50":{"start":{"line":94,"column":4},"end":{"line":94,"column":55}},"51":{"start":{"line":102,"column":4},"end":{"line":102,"column":33}},"52":{"start":{"line":103,"column":4},"end":{"line":103,"column":33}},"53":{"start":{"line":105,"column":4},"end":{"line":107,"column":5}},"54":{"start":{"line":106,"column":6},"end":{"line":106,"column":13}},"55":{"start":{"line":109,"column":4},"end":{"line":113,"column":5}},"56":{"start":{"line":110,"column":6},"end":{"line":110,"column":42}},"57":{"start":{"line":111,"column":6},"end":{"line":111,"column":39}},"58":{"start":{"line":112,"column":6},"end":{"line":112,"column":13}},"59":{"start":{"line":115,"column":4},"end":{"line":115,"column":42}},"60":{"start":{"line":117,"column":4},"end":{"line":119,"column":5}},"61":{"start":{"line":118,"column":6},"end":{"line":118,"column":13}},"62":{"start":{"line":120,"column":4},"end":{"line":120,"column":55}},"63":{"start":{"line":123,"column":4},"end":{"line":125,"column":5}},"64":{"start":{"line":124,"column":6},"end":{"line":124,"column":30}},"65":{"start":{"line":127,"column":4},"end":{"line":130,"column":5}},"66":{"start":{"line":128,"column":6},"end":{"line":128,"column":41}},"67":{"start":{"line":129,"column":6},"end":{"line":129,"column":30}},"68":{"start":{"line":132,"column":4},"end":{"line":132,"column":34}},"69":{"start":{"line":134,"column":4},"end":{"line":137,"column":5}},"70":{"start":{"line":135,"column":6},"end":{"line":135,"column":35}},"71":{"start":{"line":136,"column":6},"end":{"line":136,"column":44}},"72":{"start":{"line":141,"column":4},"end":{"line":141,"column":28}},"73":{"start":{"line":144,"column":4},"end":{"line":144,"column":31}},"74":{"start":{"line":145,"column":4},"end":{"line":145,"column":31}},"75":{"start":{"line":146,"column":4},"end":{"line":146,"column":24}},"76":{"start":{"line":147,"column":4},"end":{"line":147,"column":24}},"77":{"start":{"line":148,"column":4},"end":{"line":148,"column":33}}},"fnMap":{"0":{"name":"(anonymous_0)","decl":{"start":{"line":2,"column":2},"end":{"line":2,"column":3}},"loc":{"start":{"line":2,"column":24},"end":{"line":21,"column":3}},"line":2},"1":{"name":"(anonymous_1)","decl":{"start":{"line":23,"column":2},"end":{"line":23,"column":3}},"loc":{"start":{"line":23,"column":31},"end":{"line":44,"column":3}},"line":23},"2":{"name":"(anonymous_2)","decl":{"start":{"line":46,"column":2},"end":{"line":46,"column":3}},"loc":{"start":{"line":46,"column":26},"end":{"line":82,"column":3}},"line":46},"3":{"name":"(anonymous_3)","decl":{"start":{"line":83,"column":2},"end":{"line":83,"column":3}},"loc":{"start":{"line":83,"column":26},"end":{"line":95,"column":3}},"line":83},"4":{"name":"(anonymous_4)","decl":{"start":{"line":97,"column":2},"end":{"line":97,"column":3}},"loc":{"start":{"line":101,"column":4},"end":{"line":121,"column":3}},"line":101},"5":{"name":"(anonymous_5)","decl":{"start":{"line":122,"column":2},"end":{"line":122,"column":3}},"loc":{"start":{"line":122,"column":42},"end":{"line":138,"column":3}},"line":122},"6":{"name":"(anonymous_6)","decl":{"start":{"line":140,"column":2},"end":{"line":140,"column":3}},"loc":{"start":{"line":140,"column":14},"end":{"line":142,"column":3}},"line":140},"7":{"name":"(anonymous_7)","decl":{"start":{"line":143,"column":2},"end":{"line":143,"column":3}},"loc":{"start":{"line":143,"column":16},"end":{"line":149,"column":3}},"line":143}},"branchMap":{"0":{"loc":{"start":{"line":26,"column":4},"end":{"line":32,"column":5}},"type":"if","locations":[{"start":{"line":26,"column":4},"end":{"line":32,"column":5}},{"start":{"line":26,"column":4},"end":{"line":32,"column":5}}],"line":26},"1":{"loc":{"start":{"line":28,"column":11},"end":{"line":32,"column":5}},"type":"if","locations":[{"start":{"line":28,"column":11},"end":{"line":32,"column":5}},{"start":{"line":28,"column":11},"end":{"line":32,"column":5}}],"line":28},"2":{"loc":{"start":{"line":30,"column":11},"end":{"line":32,"column":5}},"type":"if","locations":[{"start":{"line":30,"column":11},"end":{"line":32,"column":5}},{"start":{"line":30,"column":11},"end":{"line":32,"column":5}}],"line":30},"3":{"loc":{"start":{"line":34,"column":4},"end":{"line":40,"column":5}},"type":"if","locations":[{"start":{"line":34,"column":4},"end":{"line":40,"column":5}},{"start":{"line":34,"column":4},"end":{"line":40,"column":5}}],"line":34},"4":{"loc":{"start":{"line":36,"column":11},"end":{"line":40,"column":5}},"type":"if","locations":[{"start":{"line":36,"column":11},"end":{"line":40,"column":5}},{"start":{"line":36,"column":11},"end":{"line":40,"column":5}}],"line":36},"5":{"loc":{"start":{"line":38,"column":11},"end":{"line":40,"column":5}},"type":"if","locations":[{"start":{"line":38,"column":11},"end":{"line":40,"column":5}},{"start":{"line":38,"column":11},"end":{"line":40,"column":5}}],"line":38},"6":{"loc":{"start":{"line":49,"column":4},"end":{"line":62,"column":5}},"type":"if","locations":[{"start":{"line":49,"column":4},"end":{"line":62,"column":5}},{"start":{"line":49,"column":4},"end":{"line":62,"column":5}}],"line":49},"7":{"loc":{"start":{"line":50,"column":6},"end":{"line":56,"column":7}},"type":"if","locations":[{"start":{"line":50,"column":6},"end":{"line":56,"column":7}},{"start":{"line":50,"column":6},"end":{"line":56,"column":7}}],"line":50},"8":{"loc":{"start":{"line":57,"column":6},"end":{"line":61,"column":7}},"type":"if","locations":[{"start":{"line":57,"column":6},"end":{"line":61,"column":7}},{"start":{"line":57,"column":6},"end":{"line":61,"column":7}}],"line":57},"9":{"loc":{"start":{"line":64,"column":4},"end":{"line":77,"column":5}},"type":"if","locations":[{"start":{"line":64,"column":4},"end":{"line":77,"column":5}},{"start":{"line":64,"column":4},"end":{"line":77,"column":5}}],"line":64},"10":{"loc":{"start":{"line":65,"column":6},"end":{"line":71,"column":7}},"type":"if","locations":[{"start":{"line":65,"column":6},"end":{"line":71,"column":7}},{"start":{"line":65,"column":6},"end":{"line":71,"column":7}}],"line":65},"11":{"loc":{"start":{"line":72,"column":6},"end":{"line":76,"column":7}},"type":"if","locations":[{"start":{"line":72,"column":6},"end":{"line":76,"column":7}},{"start":{"line":72,"column":6},"end":{"line":76,"column":7}}],"line":72},"12":{"loc":{"start":{"line":79,"column":4},"end":{"line":81,"column":5}},"type":"if","locations":[{"start":{"line":79,"column":4},"end":{"line":81,"column":5}},{"start":{"line":79,"column":4},"end":{"line":81,"column":5}}],"line":79},"13":{"loc":{"start":{"line":79,"column":8},"end":{"line":79,"column":58}},"type":"binary-expr","locations":[{"start":{"line":79,"column":8},"end":{"line":79,"column":37}},{"start":{"line":79,"column":41},"end":{"line":79,"column":58}}],"line":79},"14":{"loc":{"start":{"line":84,"column":4},"end":{"line":88,"column":5}},"type":"if","locations":[{"start":{"line":84,"column":4},"end":{"line":88,"column":5}},{"start":{"line":84,"column":4},"end":{"line":88,"column":5}}],"line":84},"15":{"loc":{"start":{"line":86,"column":11},"end":{"line":88,"column":5}},"type":"if","locations":[{"start":{"line":86,"column":11},"end":{"line":88,"column":5}},{"start":{"line":86,"column":11},"end":{"line":88,"column":5}}],"line":86},"16":{"loc":{"start":{"line":91,"column":4},"end":{"line":93,"column":5}},"type":"if","locations":[{"start":{"line":91,"column":4},"end":{"line":93,"column":5}},{"start":{"line":91,"column":4},"end":{"line":93,"column":5}}],"line":91},"17":{"loc":{"start":{"line":105,"column":4},"end":{"line":107,"column":5}},"type":"if","locations":[{"start":{"line":105,"column":4},"end":{"line":107,"column":5}},{"start":{"line":105,"column":4},"end":{"line":107,"column":5}}],"line":105},"18":{"loc":{"start":{"line":109,"column":4},"end":{"line":113,"column":5}},"type":"if","locations":[{"start":{"line":109,"column":4},"end":{"line":113,"column":5}},{"start":{"line":109,"column":4},"end":{"line":113,"column":5}}],"line":109},"19":{"loc":{"start":{"line":117,"column":4},"end":{"line":119,"column":5}},"type":"if","locations":[{"start":{"line":117,"column":4},"end":{"line":119,"column":5}},{"start":{"line":117,"column":4},"end":{"line":119,"column":5}}],"line":117},"20":{"loc":{"start":{"line":123,"column":4},"end":{"line":125,"column":5}},"type":"if","locations":[{"start":{"line":123,"column":4},"end":{"line":125,"column":5}},{"start":{"line":123,"column":4},"end":{"line":125,"column":5}}],"line":123},"21":{"loc":{"start":{"line":127,"column":4},"end":{"line":130,"column":5}},"type":"if","locations":[{"start":{"line":127,"column":4},"end":{"line":130,"column":5}},{"start":{"line":127,"column":4},"end":{"line":130,"column":5}}],"line":127},"22":{"loc":{"start":{"line":134,"column":4},"end":{"line":137,"column":5}},"type":"if","locations":[{"start":{"line":134,"column":4},"end":{"line":137,"column":5}},{"start":{"line":134,"column":4},"end":{"line":137,"column":5}}],"line":134}},"s":{"0":65,"1":65,"2":65,"3":65,"4":65,"5":65,"6":65,"7":65,"8":65,"9":65,"10":65,"11":65,"12":65,"13":65,"14":65,"15":6,"16":6,"17":4,"18":2,"19":1,"20":1,"21":1,"22":6,"23":4,"24":2,"25":1,"26":1,"27":1,"28":6,"29":6,"30":6,"31":6,"32":2,"33":1,"34":2,"35":1,"36":6,"37":2,"38":1,"39":2,"40":1,"41":6,"42":1,"43":5,"44":1,"45":4,"46":1,"47":5,"48":5,"49":1,"50":4,"51":3,"52":3,"53":3,"54":1,"55":2,"56":1,"57":1,"58":1,"59":1,"60":1,"61":0,"62":1,"63":3,"64":1,"65":2,"66":1,"67":1,"68":1,"69":1,"70":1,"71":1,"72":1,"73":2,"74":2,"75":2,"76":2,"77":2},"f":{"0":65,"1":6,"2":6,"3":5,"4":3,"5":3,"6":1,"7":2},"b":{"0":[4,2],"1":[1,1],"2":[1,0],"3":[4,2],"4":[1,1],"5":[1,0],"6":[2,4],"7":[1,1],"8":[1,1],"9":[2,4],"10":[1,1],"11":[1,1],"12":[1,5],"13":[6,1],"14":[1,4],"15":[1,3],"16":[1,4],"17":[1,2],"18":[1,1],"19":[0,1],"20":[1,2],"21":[1,1],"22":[1,0]},"_coverageSchema":"43e27e138ebf9cfc5966b082cf9a028302ed4184","hash":"8c0a457824480c3e106ddc5318eece79fb4f4c3b"}
,"/home/mrj/WORK/1_PROJECTS/smart-back/smart-back/src/lib/smartBackNodes.js": {"path":"/home/mrj/WORK/1_PROJECTS/smart-back/smart-back/src/lib/smartBackNodes.js","statementMap":{"0":{"start":{"line":3,"column":4},"end":{"line":3,"column":29}},"1":{"start":{"line":4,"column":4},"end":{"line":7,"column":6}},"2":{"start":{"line":8,"column":4},"end":{"line":8,"column":26}},"3":{"start":{"line":9,"column":4},"end":{"line":9,"column":20}},"4":{"start":{"line":13,"column":4},"end":{"line":13,"column":41}},"5":{"start":{"line":14,"column":4},"end":{"line":14,"column":41}},"6":{"start":{"line":17,"column":17},"end":{"line":17,"column":66}},"7":{"start":{"line":18,"column":18},"end":{"line":18,"column":68}},"8":{"start":{"line":19,"column":4},"end":{"line":21,"column":5}},"9":{"start":{"line":20,"column":6},"end":{"line":20,"column":51}},"10":{"start":{"line":22,"column":4},"end":{"line":24,"column":5}},"11":{"start":{"line":23,"column":6},"end":{"line":23,"column":52}},"12":{"start":{"line":26,"column":4},"end":{"line":29,"column":6}},"13":{"start":{"line":32,"column":22},"end":{"line":32,"column":68}},"14":{"start":{"line":33,"column":4},"end":{"line":35,"column":5}},"15":{"start":{"line":34,"column":6},"end":{"line":34,"column":47}},"16":{"start":{"line":36,"column":4},"end":{"line":36,"column":21}}},"fnMap":{"0":{"name":"(anonymous_0)","decl":{"start":{"line":2,"column":2},"end":{"line":2,"column":3}},"loc":{"start":{"line":2,"column":24},"end":{"line":10,"column":3}},"line":2},"1":{"name":"(anonymous_1)","decl":{"start":{"line":12,"column":2},"end":{"line":12,"column":3}},"loc":{"start":{"line":12,"column":13},"end":{"line":15,"column":3}},"line":12},"2":{"name":"(anonymous_2)","decl":{"start":{"line":16,"column":2},"end":{"line":16,"column":3}},"loc":{"start":{"line":16,"column":17},"end":{"line":30,"column":3}},"line":16},"3":{"name":"(anonymous_3)","decl":{"start":{"line":31,"column":2},"end":{"line":31,"column":3}},"loc":{"start":{"line":31,"column":17},"end":{"line":37,"column":3}},"line":31}},"branchMap":{"0":{"loc":{"start":{"line":19,"column":4},"end":{"line":21,"column":5}},"type":"if","locations":[{"start":{"line":19,"column":4},"end":{"line":21,"column":5}},{"start":{"line":19,"column":4},"end":{"line":21,"column":5}}],"line":19},"1":{"loc":{"start":{"line":22,"column":4},"end":{"line":24,"column":5}},"type":"if","locations":[{"start":{"line":22,"column":4},"end":{"line":24,"column":5}},{"start":{"line":22,"column":4},"end":{"line":24,"column":5}}],"line":22},"2":{"loc":{"start":{"line":33,"column":4},"end":{"line":35,"column":5}},"type":"if","locations":[{"start":{"line":33,"column":4},"end":{"line":35,"column":5}},{"start":{"line":33,"column":4},"end":{"line":35,"column":5}}],"line":33}},"s":{"0":65,"1":65,"2":65,"3":65,"4":66,"5":66,"6":67,"7":67,"8":67,"9":0,"10":67,"11":0,"12":67,"13":67,"14":67,"15":0,"16":67},"f":{"0":65,"1":66,"2":67,"3":67},"b":{"0":[0,67],"1":[0,67],"2":[0,67]},"_coverageSchema":"43e27e138ebf9cfc5966b082cf9a028302ed4184","hash":"6e979fa3c4e37d958b59e915ef5ea18cfcb2ff0d"}
,"/home/mrj/WORK/1_PROJECTS/smart-back/smart-back/src/lib/smartBackOptions.js": {"path":"/home/mrj/WORK/1_PROJECTS/smart-back/smart-back/src/lib/smartBackOptions.js","statementMap":{"0":{"start":{"line":3,"column":4},"end":{"line":3,"column":27}},"1":{"start":{"line":7,"column":4},"end":{"line":9,"column":5}},"2":{"start":{"line":8,"column":6},"end":{"line":8,"column":40}},"3":{"start":{"line":10,"column":4},"end":{"line":10,"column":24}}},"fnMap":{"0":{"name":"(anonymous_0)","decl":{"start":{"line":2,"column":2},"end":{"line":2,"column":3}},"loc":{"start":{"line":2,"column":23},"end":{"line":4,"column":3}},"line":2},"1":{"name":"(anonymous_1)","decl":{"start":{"line":6,"column":2},"end":{"line":6,"column":3}},"loc":{"start":{"line":6,"column":39},"end":{"line":11,"column":3}},"line":6}},"branchMap":{"0":{"loc":{"start":{"line":7,"column":4},"end":{"line":9,"column":5}},"type":"if","locations":[{"start":{"line":7,"column":4},"end":{"line":9,"column":5}},{"start":{"line":7,"column":4},"end":{"line":9,"column":5}}],"line":7}},"s":{"0":65,"1":325,"2":5,"3":320},"f":{"0":65,"1":325},"b":{"0":[5,320]},"_coverageSchema":"43e27e138ebf9cfc5966b082cf9a028302ed4184","hash":"95818dde36f7a37c25042e2499d7bcd6f919fd5e"}
,"/home/mrj/WORK/1_PROJECTS/smart-back/smart-back/src/lib/smartBackService.js": {"path":"/home/mrj/WORK/1_PROJECTS/smart-back/smart-back/src/lib/smartBackService.js","statementMap":{"0":{"start":{"line":14,"column":4},"end":{"line":14,"column":55}},"1":{"start":{"line":16,"column":4},"end":{"line":21,"column":6}},"2":{"start":{"line":22,"column":4},"end":{"line":22,"column":45}},"3":{"start":{"line":23,"column":4},"end":{"line":23,"column":47}},"4":{"start":{"line":24,"column":4},"end":{"line":24,"column":38}},"5":{"start":{"line":26,"column":4},"end":{"line":29,"column":6}},"6":{"start":{"line":30,"column":4},"end":{"line":33,"column":6}},"7":{"start":{"line":34,"column":4},"end":{"line":37,"column":6}},"8":{"start":{"line":38,"column":4},"end":{"line":41,"column":6}},"9":{"start":{"line":42,"column":4},"end":{"line":45,"column":6}},"10":{"start":{"line":47,"column":4},"end":{"line":47,"column":32}},"11":{"start":{"line":48,"column":4},"end":{"line":48,"column":38}},"12":{"start":{"line":49,"column":4},"end":{"line":49,"column":46}},"13":{"start":{"line":50,"column":4},"end":{"line":50,"column":62}},"14":{"start":{"line":51,"column":4},"end":{"line":51,"column":38}},"15":{"start":{"line":52,"column":4},"end":{"line":52,"column":44}},"16":{"start":{"line":54,"column":4},"end":{"line":54,"column":18}},"17":{"start":{"line":58,"column":4},"end":{"line":58,"column":34}},"18":{"start":{"line":59,"column":4},"end":{"line":59,"column":40}},"19":{"start":{"line":60,"column":4},"end":{"line":60,"column":48}},"20":{"start":{"line":61,"column":4},"end":{"line":61,"column":64}},"21":{"start":{"line":62,"column":4},"end":{"line":62,"column":40}},"22":{"start":{"line":63,"column":4},"end":{"line":63,"column":46}},"23":{"start":{"line":67,"column":4},"end":{"line":67,"column":22}},"24":{"start":{"line":68,"column":4},"end":{"line":68,"column":46}},"25":{"start":{"line":69,"column":4},"end":{"line":69,"column":56}}},"fnMap":{"0":{"name":"(anonymous_0)","decl":{"start":{"line":2,"column":2},"end":{"line":2,"column":3}},"loc":{"start":{"line":13,"column":4},"end":{"line":55,"column":3}},"line":13},"1":{"name":"(anonymous_1)","decl":{"start":{"line":57,"column":2},"end":{"line":57,"column":3}},"loc":{"start":{"line":57,"column":11},"end":{"line":64,"column":3}},"line":57},"2":{"name":"(anonymous_2)","decl":{"start":{"line":66,"column":2},"end":{"line":66,"column":3}},"loc":{"start":{"line":66,"column":12},"end":{"line":70,"column":3}},"line":66}},"branchMap":{"0":{"loc":{"start":{"line":3,"column":4},"end":{"line":3,"column":16}},"type":"default-arg","locations":[{"start":{"line":3,"column":14},"end":{"line":3,"column":16}}],"line":3},"1":{"loc":{"start":{"line":4,"column":4},"end":{"line":12,"column":5}},"type":"default-arg","locations":[{"start":{"line":4,"column":14},"end":{"line":12,"column":5}}],"line":4}},"s":{"0":65,"1":65,"2":65,"3":65,"4":65,"5":65,"6":65,"7":65,"8":65,"9":65,"10":65,"11":65,"12":65,"13":65,"14":65,"15":65,"16":65,"17":65,"18":65,"19":65,"20":65,"21":65,"22":65,"23":0,"24":0,"25":0},"f":{"0":65,"1":65,"2":0},"b":{"0":[64],"1":[0]},"_coverageSchema":"43e27e138ebf9cfc5966b082cf9a028302ed4184","hash":"1b323f2467a247463c7f8e04649aa5f424b75ce4"}
,"/home/mrj/WORK/1_PROJECTS/smart-back/smart-back/src/lib/smartBackUI.js": {"path":"/home/mrj/WORK/1_PROJECTS/smart-back/smart-back/src/lib/smartBackUI.js","statementMap":{"0":{"start":{"line":3,"column":4},"end":{"line":3,"column":29}},"1":{"start":{"line":4,"column":4},"end":{"line":4,"column":23}},"2":{"start":{"line":5,"column":4},"end":{"line":5,"column":18}},"3":{"start":{"line":9,"column":20},"end":{"line":9,"column":49}},"4":{"start":{"line":10,"column":4},"end":{"line":10,"column":54}},"5":{"start":{"line":11,"column":4},"end":{"line":11,"column":39}},"6":{"start":{"line":12,"column":4},"end":{"line":12,"column":39}},"7":{"start":{"line":13,"column":4},"end":{"line":15,"column":9}},"8":{"start":{"line":19,"column":4},"end":{"line":34,"column":6}},"9":{"start":{"line":38,"column":4},"end":{"line":40,"column":5}},"10":{"start":{"line":39,"column":6},"end":{"line":39,"column":45}},"11":{"start":{"line":41,"column":4},"end":{"line":41,"column":25}},"12":{"start":{"line":42,"column":4},"end":{"line":42,"column":23}}},"fnMap":{"0":{"name":"(anonymous_0)","decl":{"start":{"line":2,"column":2},"end":{"line":2,"column":3}},"loc":{"start":{"line":2,"column":24},"end":{"line":6,"column":3}},"line":2},"1":{"name":"(anonymous_1)","decl":{"start":{"line":8,"column":2},"end":{"line":8,"column":3}},"loc":{"start":{"line":8,"column":11},"end":{"line":16,"column":3}},"line":8},"2":{"name":"(anonymous_2)","decl":{"start":{"line":18,"column":2},"end":{"line":18,"column":3}},"loc":{"start":{"line":18,"column":12},"end":{"line":35,"column":3}},"line":18},"3":{"name":"(anonymous_3)","decl":{"start":{"line":37,"column":2},"end":{"line":37,"column":3}},"loc":{"start":{"line":37,"column":11},"end":{"line":43,"column":3}},"line":37}},"branchMap":{"0":{"loc":{"start":{"line":38,"column":4},"end":{"line":40,"column":5}},"type":"if","locations":[{"start":{"line":38,"column":4},"end":{"line":40,"column":5}},{"start":{"line":38,"column":4},"end":{"line":40,"column":5}}],"line":38}},"s":{"0":65,"1":65,"2":65,"3":65,"4":65,"5":65,"6":65,"7":65,"8":65,"9":1,"10":0,"11":1,"12":1},"f":{"0":65,"1":65,"2":65,"3":1},"b":{"0":[0,1]},"_coverageSchema":"43e27e138ebf9cfc5966b082cf9a028302ed4184","hash":"e120f8bd6c257d7298ca926a4366a8bf882e0b19"}
,"/home/mrj/WORK/1_PROJECTS/smart-back/smart-back/src/tests/utils/listenersTracker.js": {"path":"/home/mrj/WORK/1_PROJECTS/smart-back/smart-back/src/tests/utils/listenersTracker.js","statementMap":{"0":{"start":{"line":2,"column":18},"end":{"line":2,"column":23}},"1":{"start":{"line":4,"column":19},"end":{"line":4,"column":21}},"2":{"start":{"line":5,"column":20},"end":{"line":5,"column":22}},"3":{"start":{"line":6,"column":2},"end":{"line":12,"column":4}},"4":{"start":{"line":7,"column":4},"end":{"line":10,"column":5}},"5":{"start":{"line":9,"column":6},"end":{"line":9,"column":34}},"6":{"start":{"line":11,"column":4},"end":{"line":11,"column":21}},"7":{"start":{"line":14,"column":25},"end":{"line":29,"column":3}},"8":{"start":{"line":15,"column":4},"end":{"line":27,"column":5}},"9":{"start":{"line":17,"column":26},"end":{"line":24,"column":7}},"10":{"start":{"line":25,"column":6},"end":{"line":25,"column":31}},"11":{"start":{"line":26,"column":6},"end":{"line":26,"column":38}},"12":{"start":{"line":28,"column":4},"end":{"line":28,"column":52}},"13":{"start":{"line":30,"column":34},"end":{"line":100,"column":3}},"14":{"start":{"line":32,"column":18},"end":{"line":35,"column":5}},"15":{"start":{"line":37,"column":4},"end":{"line":50,"column":6}},"16":{"start":{"line":42,"column":22},"end":{"line":42,"column":44}},"17":{"start":{"line":44,"column":6},"end":{"line":44,"column":57}},"18":{"start":{"line":46,"column":6},"end":{"line":46,"column":38}},"19":{"start":{"line":48,"column":6},"end":{"line":48,"column":73}},"20":{"start":{"line":48,"column":40},"end":{"line":48,"column":73}},"21":{"start":{"line":49,"column":6},"end":{"line":49,"column":49}},"22":{"start":{"line":51,"column":4},"end":{"line":64,"column":6}},"23":{"start":{"line":56,"column":22},"end":{"line":56,"column":44}},"24":{"start":{"line":58,"column":6},"end":{"line":58,"column":60}},"25":{"start":{"line":60,"column":6},"end":{"line":60,"column":38}},"26":{"start":{"line":61,"column":6},"end":{"line":61,"column":47}},"27":{"start":{"line":61,"column":40},"end":{"line":61,"column":47}},"28":{"start":{"line":62,"column":16},"end":{"line":62,"column":61}},"29":{"start":{"line":63,"column":6},"end":{"line":63,"column":63}},"30":{"start":{"line":63,"column":20},"end":{"line":63,"column":63}},"31":{"start":{"line":65,"column":4},"end":{"line":99,"column":6}},"32":{"start":{"line":66,"column":22},"end":{"line":66,"column":44}},"33":{"start":{"line":68,"column":19},"end":{"line":68,"column":21}},"34":{"start":{"line":69,"column":6},"end":{"line":97,"column":7}},"35":{"start":{"line":74,"column":8},"end":{"line":96,"column":9}},"36":{"start":{"line":76,"column":10},"end":{"line":84,"column":11}},"37":{"start":{"line":77,"column":12},"end":{"line":83,"column":13}},"38":{"start":{"line":78,"column":14},"end":{"line":82,"column":17}},"39":{"start":{"line":87,"column":10},"end":{"line":95,"column":11}},"40":{"start":{"line":88,"column":12},"end":{"line":94,"column":13}},"41":{"start":{"line":89,"column":14},"end":{"line":93,"column":17}},"42":{"start":{"line":98,"column":6},"end":{"line":98,"column":20}}},"fnMap":{"0":{"name":"ListenerTracker","decl":{"start":{"line":1,"column":16},"end":{"line":1,"column":31}},"loc":{"start":{"line":1,"column":34},"end":{"line":101,"column":1}},"line":1},"1":{"name":"(anonymous_1)","decl":{"start":{"line":6,"column":14},"end":{"line":6,"column":15}},"loc":{"start":{"line":6,"column":26},"end":{"line":12,"column":3}},"line":6},"2":{"name":"(anonymous_2)","decl":{"start":{"line":14,"column":25},"end":{"line":14,"column":26}},"loc":{"start":{"line":14,"column":44},"end":{"line":29,"column":3}},"line":14},"3":{"name":"(anonymous_3)","decl":{"start":{"line":30,"column":34},"end":{"line":30,"column":35}},"loc":{"start":{"line":30,"column":46},"end":{"line":100,"column":3}},"line":30},"4":{"name":"(anonymous_4)","decl":{"start":{"line":37,"column":44},"end":{"line":37,"column":45}},"loc":{"start":{"line":41,"column":6},"end":{"line":50,"column":5}},"line":41},"5":{"name":"(anonymous_5)","decl":{"start":{"line":51,"column":47},"end":{"line":51,"column":48}},"loc":{"start":{"line":55,"column":6},"end":{"line":64,"column":5}},"line":55},"6":{"name":"(anonymous_6)","decl":{"start":{"line":65,"column":45},"end":{"line":65,"column":46}},"loc":{"start":{"line":65,"column":61},"end":{"line":99,"column":5}},"line":65}},"branchMap":{"0":{"loc":{"start":{"line":7,"column":4},"end":{"line":10,"column":5}},"type":"if","locations":[{"start":{"line":7,"column":4},"end":{"line":10,"column":5}},{"start":{"line":7,"column":4},"end":{"line":10,"column":5}}],"line":7},"1":{"loc":{"start":{"line":15,"column":4},"end":{"line":27,"column":5}},"type":"if","locations":[{"start":{"line":15,"column":4},"end":{"line":27,"column":5}},{"start":{"line":15,"column":4},"end":{"line":27,"column":5}}],"line":15},"2":{"loc":{"start":{"line":46,"column":19},"end":{"line":46,"column":37}},"type":"cond-expr","locations":[{"start":{"line":46,"column":32},"end":{"line":46,"column":33}},{"start":{"line":46,"column":36},"end":{"line":46,"column":37}}],"line":46},"3":{"loc":{"start":{"line":48,"column":6},"end":{"line":48,"column":73}},"type":"if","locations":[{"start":{"line":48,"column":6},"end":{"line":48,"column":73}},{"start":{"line":48,"column":6},"end":{"line":48,"column":73}}],"line":48},"4":{"loc":{"start":{"line":60,"column":19},"end":{"line":60,"column":37}},"type":"cond-expr","locations":[{"start":{"line":60,"column":32},"end":{"line":60,"column":33}},{"start":{"line":60,"column":36},"end":{"line":60,"column":37}}],"line":60},"5":{"loc":{"start":{"line":61,"column":6},"end":{"line":61,"column":47}},"type":"if","locations":[{"start":{"line":61,"column":6},"end":{"line":61,"column":47}},{"start":{"line":61,"column":6},"end":{"line":61,"column":47}}],"line":61},"6":{"loc":{"start":{"line":63,"column":6},"end":{"line":63,"column":63}},"type":"if","locations":[{"start":{"line":63,"column":6},"end":{"line":63,"column":63}},{"start":{"line":63,"column":6},"end":{"line":63,"column":63}}],"line":63},"7":{"loc":{"start":{"line":74,"column":8},"end":{"line":96,"column":9}},"type":"if","locations":[{"start":{"line":74,"column":8},"end":{"line":96,"column":9}},{"start":{"line":74,"column":8},"end":{"line":96,"column":9}}],"line":74},"8":{"loc":{"start":{"line":76,"column":10},"end":{"line":84,"column":11}},"type":"if","locations":[{"start":{"line":76,"column":10},"end":{"line":84,"column":11}},{"start":{"line":76,"column":10},"end":{"line":84,"column":11}}],"line":76}},"s":{"0":9,"1":9,"2":9,"3":9,"4":9,"5":9,"6":9,"7":9,"8":182,"9":18,"10":18,"11":18,"12":182,"13":9,"14":9,"15":9,"16":141,"17":141,"18":141,"19":141,"20":45,"21":141,"22":9,"23":35,"24":35,"25":35,"26":35,"27":0,"28":35,"29":35,"30":35,"31":9,"32":6,"33":6,"34":6,"35":12,"36":0,"37":0,"38":0,"39":12,"40":12,"41":7,"42":6},"f":{"0":9,"1":9,"2":182,"3":9,"4":141,"5":35,"6":6},"b":{"0":[9,0],"1":[18,164],"2":[0,141],"3":[45,96],"4":[0,35],"5":[0,35],"6":[35,0],"7":[0,12],"8":[0,0]},"_coverageSchema":"43e27e138ebf9cfc5966b082cf9a028302ed4184","hash":"612a0ab2d7c97094c847126e11673602439e66c0"}
}
