TN:
SF:/home/mrj/WORK/1_PROJECTS/smart-back/smart-back/src/lib/smartBack.js
FN:22,(anonymous_0)
FNF:1
FNH:1
FNDA:65,(anonymous_0)
DA:11,7
DA:23,65
LF:2
LH:2
BRF:0
BRH:0
end_of_record
TN:
SF:/home/mrj/WORK/1_PROJECTS/smart-back/smart-back/src/lib/smartBackArrow.js
FN:2,(anonymous_0)
FN:7,(anonymous_1)
FN:15,(anonymous_2)
FN:21,(anonymous_3)
FN:26,(anonymous_4)
FN:31,(anonymous_5)
FN:39,(anonymous_6)
FN:46,(anonymous_7)
FN:59,(anonymous_8)
FN:65,(anonymous_9)
FN:68,(anonymous_10)
FN:71,(anonymous_11)
FN:74,(anonymous_12)
FN:77,(anonymous_13)
FN:80,(anonymous_14)
FNF:15
FNH:15
FNDA:65,(anonymous_0)
FNDA:2,(anonymous_1)
FNDA:2,(anonymous_2)
FNDA:2,(anonymous_3)
FNDA:2,(anonymous_4)
FNDA:3,(anonymous_5)
FNDA:3,(anonymous_6)
FNDA:5,(anonymous_7)
FNDA:6,(anonymous_8)
FNDA:9,(anonymous_9)
FNDA:9,(anonymous_10)
FNDA:3,(anonymous_11)
FNDA:2,(anonymous_12)
FNDA:3,(anonymous_13)
FNDA:3,(anonymous_14)
DA:3,65
DA:4,65
DA:8,2
DA:10,2
DA:11,2
DA:14,2
DA:15,2
DA:16,2
DA:17,2
DA:18,2
DA:22,2
DA:24,2
DA:25,2
DA:26,2
DA:27,2
DA:28,2
DA:32,3
DA:40,3
DA:47,5
DA:48,5
DA:49,1
DA:52,4
DA:53,4
DA:54,1
DA:57,3
DA:60,6
DA:66,9
DA:69,9
DA:72,3
DA:75,2
DA:78,3
DA:79,3
DA:80,3
DA:81,3
DA:82,3
LF:35
LH:35
BRDA:34,0,0,3
BRDA:34,0,1,0
BRDA:46,1,0,0
BRDA:48,2,0,1
BRDA:48,2,1,4
BRDA:53,3,0,1
BRDA:53,3,1,3
BRF:7
BRH:5
end_of_record
TN:
SF:/home/mrj/WORK/1_PROJECTS/smart-back/smart-back/src/lib/smartBackListeners.js
FN:2,(anonymous_0)
FN:6,(anonymous_1)
FN:20,(anonymous_2)
FN:37,(anonymous_3)
FN:43,(anonymous_4)
FN:46,(anonymous_5)
FNF:6
FNH:6
FNDA:65,(anonymous_0)
FNDA:2,(anonymous_1)
FNDA:3,(anonymous_2)
FNDA:2,(anonymous_3)
FNDA:1,(anonymous_4)
FNDA:1,(anonymous_5)
DA:3,65
DA:7,2
DA:8,2
DA:9,1
DA:12,1
DA:13,1
DA:15,1
DA:16,1
DA:18,1
DA:21,3
DA:22,1
DA:23,1
DA:26,2
DA:27,1
DA:30,1
DA:31,1
DA:32,1
DA:34,1
DA:35,1
DA:38,2
DA:39,1
DA:41,2
DA:44,1
DA:47,1
DA:48,1
LF:25
LH:25
BRDA:8,0,0,1
BRDA:8,0,1,1
BRDA:21,1,0,1
BRDA:21,1,1,2
BRDA:26,2,0,1
BRDA:26,2,1,1
BRDA:38,3,0,1
BRDA:38,3,1,1
BRF:8
BRH:8
end_of_record
TN:
SF:/home/mrj/WORK/1_PROJECTS/smart-back/smart-back/src/lib/smartBackListenersHandling.js
FN:2,(anonymous_0)
FN:15,(anonymous_1)
FN:18,(anonymous_2)
FN:21,(anonymous_3)
FN:34,(anonymous_4)
FN:44,(anonymous_5)
FN:54,(anonymous_6)
FNF:7
FNH:7
FNDA:65,(anonymous_0)
FNDA:66,(anonymous_1)
FNDA:1,(anonymous_2)
FNDA:66,(anonymous_3)
FNDA:2,(anonymous_4)
FNDA:1,(anonymous_5)
FNDA:6,(anonymous_6)
DA:3,65
DA:4,65
DA:7,65
DA:12,65
DA:16,66
DA:19,1
DA:22,66
DA:27,66
DA:35,2
DA:39,2
DA:45,1
DA:49,1
DA:55,6
DA:56,1
DA:58,5
DA:63,5
DA:64,5
LF:17
LH:17
BRDA:55,0,0,1
BRDA:55,0,1,5
BRF:2
BRH:2
end_of_record
TN:
SF:/home/mrj/WORK/1_PROJECTS/smart-back/smart-back/src/lib/smartBackMovement.js
FN:2,(anonymous_0)
FN:23,(anonymous_1)
FN:46,(anonymous_2)
FN:83,(anonymous_3)
FN:97,(anonymous_4)
FN:122,(anonymous_5)
FN:140,(anonymous_6)
FN:143,(anonymous_7)
FNF:8
FNH:8
FNDA:65,(anonymous_0)
FNDA:6,(anonymous_1)
FNDA:6,(anonymous_2)
FNDA:5,(anonymous_3)
FNDA:3,(anonymous_4)
FNDA:3,(anonymous_5)
FNDA:1,(anonymous_6)
FNDA:2,(anonymous_7)
DA:3,65
DA:4,65
DA:5,65
DA:6,65
DA:10,65
DA:11,65
DA:12,65
DA:13,65
DA:14,65
DA:15,65
DA:16,65
DA:17,65
DA:18,65
DA:19,65
DA:20,65
DA:24,6
DA:26,6
DA:27,4
DA:28,2
DA:29,1
DA:30,1
DA:31,1
DA:34,6
DA:35,4
DA:36,2
DA:37,1
DA:38,1
DA:39,1
DA:42,6
DA:43,6
DA:47,6
DA:49,6
DA:50,2
DA:51,1
DA:57,2
DA:58,1
DA:64,6
DA:65,2
DA:66,1
DA:72,2
DA:73,1
DA:79,6
DA:80,1
DA:84,5
DA:85,1
DA:86,4
DA:87,1
DA:89,5
DA:91,5
DA:92,1
DA:94,4
DA:102,3
DA:103,3
DA:105,3
DA:106,1
DA:109,2
DA:110,1
DA:111,1
DA:112,1
DA:115,1
DA:117,1
DA:118,0
DA:120,1
DA:123,3
DA:124,1
DA:127,2
DA:128,1
DA:129,1
DA:132,1
DA:134,1
DA:135,1
DA:136,1
DA:141,1
DA:144,2
DA:145,2
DA:146,2
DA:147,2
DA:148,2
LF:78
LH:77
BRDA:26,0,0,4
BRDA:26,0,1,2
BRDA:28,1,0,1
BRDA:28,1,1,1
BRDA:30,2,0,1
BRDA:30,2,1,0
BRDA:34,3,0,4
BRDA:34,3,1,2
BRDA:36,4,0,1
BRDA:36,4,1,1
BRDA:38,5,0,1
BRDA:38,5,1,0
BRDA:49,6,0,2
BRDA:49,6,1,4
BRDA:50,7,0,1
BRDA:50,7,1,1
BRDA:57,8,0,1
BRDA:57,8,1,1
BRDA:64,9,0,2
BRDA:64,9,1,4
BRDA:65,10,0,1
BRDA:65,10,1,1
BRDA:72,11,0,1
BRDA:72,11,1,1
BRDA:79,12,0,1
BRDA:79,12,1,5
BRDA:79,13,0,6
BRDA:79,13,1,1
BRDA:84,14,0,1
BRDA:84,14,1,4
BRDA:86,15,0,1
BRDA:86,15,1,3
BRDA:91,16,0,1
BRDA:91,16,1,4
BRDA:105,17,0,1
BRDA:105,17,1,2
BRDA:109,18,0,1
BRDA:109,18,1,1
BRDA:117,19,0,0
BRDA:117,19,1,1
BRDA:123,20,0,1
BRDA:123,20,1,2
BRDA:127,21,0,1
BRDA:127,21,1,1
BRDA:134,22,0,1
BRDA:134,22,1,0
BRF:46
BRH:42
end_of_record
TN:
SF:/home/mrj/WORK/1_PROJECTS/smart-back/smart-back/src/lib/smartBackNodes.js
FN:2,(anonymous_0)
FN:12,(anonymous_1)
FN:16,(anonymous_2)
FN:31,(anonymous_3)
FNF:4
FNH:4
FNDA:65,(anonymous_0)
FNDA:66,(anonymous_1)
FNDA:67,(anonymous_2)
FNDA:67,(anonymous_3)
DA:3,65
DA:4,65
DA:8,65
DA:9,65
DA:13,66
DA:14,66
DA:17,67
DA:18,67
DA:19,67
DA:20,0
DA:22,67
DA:23,0
DA:26,67
DA:32,67
DA:33,67
DA:34,0
DA:36,67
LF:17
LH:14
BRDA:19,0,0,0
BRDA:19,0,1,67
BRDA:22,1,0,0
BRDA:22,1,1,67
BRDA:33,2,0,0
BRDA:33,2,1,67
BRF:6
BRH:3
end_of_record
TN:
SF:/home/mrj/WORK/1_PROJECTS/smart-back/smart-back/src/lib/smartBackOptions.js
FN:2,(anonymous_0)
FN:6,(anonymous_1)
FNF:2
FNH:2
FNDA:65,(anonymous_0)
FNDA:325,(anonymous_1)
DA:3,65
DA:7,325
DA:8,5
DA:10,320
LF:4
LH:4
BRDA:7,0,0,5
BRDA:7,0,1,320
BRF:2
BRH:2
end_of_record
TN:
SF:/home/mrj/WORK/1_PROJECTS/smart-back/smart-back/src/lib/smartBackService.js
FN:2,(anonymous_0)
FN:57,(anonymous_1)
FN:66,(anonymous_2)
FNF:3
FNH:2
FNDA:65,(anonymous_0)
FNDA:65,(anonymous_1)
FNDA:0,(anonymous_2)
DA:14,65
DA:16,65
DA:22,65
DA:23,65
DA:24,65
DA:26,65
DA:30,65
DA:34,65
DA:38,65
DA:42,65
DA:47,65
DA:48,65
DA:49,65
DA:50,65
DA:51,65
DA:52,65
DA:54,65
DA:58,65
DA:59,65
DA:60,65
DA:61,65
DA:62,65
DA:63,65
DA:67,0
DA:68,0
DA:69,0
LF:26
LH:23
BRDA:3,0,0,64
BRDA:4,1,0,0
BRF:2
BRH:1
end_of_record
TN:
SF:/home/mrj/WORK/1_PROJECTS/smart-back/smart-back/src/lib/smartBackUI.js
FN:2,(anonymous_0)
FN:8,(anonymous_1)
FN:18,(anonymous_2)
FN:37,(anonymous_3)
FNF:4
FNH:4
FNDA:65,(anonymous_0)
FNDA:65,(anonymous_1)
FNDA:65,(anonymous_2)
FNDA:1,(anonymous_3)
DA:3,65
DA:4,65
DA:5,65
DA:9,65
DA:10,65
DA:11,65
DA:12,65
DA:13,65
DA:19,65
DA:38,1
DA:39,0
DA:41,1
DA:42,1
LF:13
LH:12
BRDA:38,0,0,0
BRDA:38,0,1,1
BRF:2
BRH:1
end_of_record
TN:
SF:/home/mrj/WORK/1_PROJECTS/smart-back/smart-back/src/tests/utils/listenersTracker.js
FN:1,ListenerTracker
FN:6,(anonymous_1)
FN:14,(anonymous_2)
FN:30,(anonymous_3)
FN:37,(anonymous_4)
FN:51,(anonymous_5)
FN:65,(anonymous_6)
FNF:7
FNH:7
FNDA:9,ListenerTracker
FNDA:9,(anonymous_1)
FNDA:182,(anonymous_2)
FNDA:9,(anonymous_3)
FNDA:141,(anonymous_4)
FNDA:35,(anonymous_5)
FNDA:6,(anonymous_6)
DA:2,9
DA:4,9
DA:5,9
DA:6,9
DA:7,9
DA:9,9
DA:11,9
DA:14,9
DA:15,182
DA:17,18
DA:25,18
DA:26,18
DA:28,182
DA:30,9
DA:32,9
DA:37,9
DA:42,141
DA:44,141
DA:46,141
DA:48,141
DA:49,141
DA:51,9
DA:56,35
DA:58,35
DA:60,35
DA:61,35
DA:62,35
DA:63,35
DA:65,9
DA:66,6
DA:68,6
DA:69,6
DA:74,12
DA:76,0
DA:77,0
DA:78,0
DA:87,12
DA:88,12
DA:89,7
DA:98,6
LF:40
LH:37
BRDA:7,0,0,9
BRDA:7,0,1,0
BRDA:15,1,0,18
BRDA:15,1,1,164
BRDA:46,2,0,0
BRDA:46,2,1,141
BRDA:48,3,0,45
BRDA:48,3,1,96
BRDA:60,4,0,0
BRDA:60,4,1,35
BRDA:61,5,0,0
BRDA:61,5,1,35
BRDA:63,6,0,35
BRDA:63,6,1,0
BRDA:74,7,0,0
BRDA:74,7,1,12
BRDA:76,8,0,0
BRDA:76,8,1,0
BRF:18
BRH:10
end_of_record
